<?xml version="1.0" encoding="UTF-8"?>
<!-- Generated by org.testng.reporters.JUnitReportReporter -->
<testsuite hostname="DESKTOP-8THOP63" name="abcd.Verify" tests="1" failures="0" timestamp="26 Aug 2020 16:37:17 GMT" time="3.078" errors="1">
  <testcase name="f2" time="3.078" classname="abcd.Verify">
    <error type="org.openqa.selenium.SessionNotCreatedException" message="session not created: This version of ChromeDriver only supports Chrome version 85
Build info: version: &#039;3.141.59&#039;, revision: &#039;e82be7d358&#039;, time: &#039;2018-11-14T08:17:03&#039;
System info: host: &#039;DESKTOP-8THOP63&#039;, ip: &#039;192.168.112.1&#039;, os.name: &#039;Windows 10&#039;, os.arch: &#039;x86&#039;, os.version: &#039;10.0&#039;, java.version: &#039;1.8.0_251&#039;
Driver info: driver.version: ChromeDriver
remote stacktrace: Backtrace:
	Ordinal0 [0x0033D343+3134275]
	Ordinal0 [0x0022A131+2007345]
	Ordinal0 [0x000CAEC8+569032]
	Ordinal0 [0x0005139F+70559]
	Ordinal0 [0x0004CC63+52323]
	Ordinal0 [0x00070DFC+200188]
	Ordinal0 [0x00070C1D+199709]
	Ordinal0 [0x0006EB0B+191243]
	Ordinal0 [0x00052E77+77431]
	Ordinal0 [0x00053E3E+81470]
	Ordinal0 [0x00053DC9+81353]
	Ordinal0 [0x00240C99+2100377]
	GetHandleVerifier [0x004AB71A+1396954]
	GetHandleVerifier [0x004AB399+1396057]
	GetHandleVerifier [0x004B70E6+1444518]
	GetHandleVerifier [0x004ABCA8+1398376]
	Ordinal0 [0x00237F11+2064145]
	Ordinal0 [0x002422AB+2106027]
	Ordinal0 [0x002423D1+2106321]
	Ordinal0 [0x00254984+2181508]
	BaseThreadInitThunk [0x74D38494+36]
	RtlAreBitsSet [0x776B41C8+136]
	RtlAreBitsSet [0x776B4198+88]
	(No symbol) [0x00000000]
">
      <![CDATA[org.openqa.selenium.SessionNotCreatedException: session not created: This version of ChromeDriver only supports Chrome version 85
Build info: version: '3.141.59', revision: 'e82be7d358', time: '2018-11-14T08:17:03'
System info: host: 'DESKTOP-8THOP63', ip: '192.168.112.1', os.name: 'Windows 10', os.arch: 'x86', os.version: '10.0', java.version: '1.8.0_251'
Driver info: driver.version: ChromeDriver
remote stacktrace: Backtrace:
	Ordinal0 [0x0033D343+3134275]
	Ordinal0 [0x0022A131+2007345]
	Ordinal0 [0x000CAEC8+569032]
	Ordinal0 [0x0005139F+70559]
	Ordinal0 [0x0004CC63+52323]
	Ordinal0 [0x00070DFC+200188]
	Ordinal0 [0x00070C1D+199709]
	Ordinal0 [0x0006EB0B+191243]
	Ordinal0 [0x00052E77+77431]
	Ordinal0 [0x00053E3E+81470]
	Ordinal0 [0x00053DC9+81353]
	Ordinal0 [0x00240C99+2100377]
	GetHandleVerifier [0x004AB71A+1396954]
	GetHandleVerifier [0x004AB399+1396057]
	GetHandleVerifier [0x004B70E6+1444518]
	GetHandleVerifier [0x004ABCA8+1398376]
	Ordinal0 [0x00237F11+2064145]
	Ordinal0 [0x002422AB+2106027]
	Ordinal0 [0x002423D1+2106321]
	Ordinal0 [0x00254984+2181508]
	BaseThreadInitThunk [0x74D38494+36]
	RtlAreBitsSet [0x776B41C8+136]
	RtlAreBitsSet [0x776B4198+88]
	(No symbol) [0x00000000]

	at sun.reflect.NativeConstructorAccessorImpl.newInstance0(Native Method)
	at sun.reflect.NativeConstructorAccessorImpl.newInstance(Unknown Source)
	at sun.reflect.DelegatingConstructorAccessorImpl.newInstance(Unknown Source)
	at java.lang.reflect.Constructor.newInstance(Unknown Source)
	at org.openqa.selenium.remote.W3CHandshakeResponse.lambda$errorHandler$0(W3CHandshakeResponse.java:62)
	at org.openqa.selenium.remote.HandshakeResponse.lambda$getResponseFunction$0(HandshakeResponse.java:30)
	at org.openqa.selenium.remote.ProtocolHandshake.lambda$createSession$0(ProtocolHandshake.java:126)
	at java.util.stream.ReferencePipeline$3$1.accept(Unknown Source)
	at java.util.Spliterators$ArraySpliterator.tryAdvance(Unknown Source)
	at java.util.stream.ReferencePipeline.forEachWithCancel(Unknown Source)
	at java.util.stream.AbstractPipeline.copyIntoWithCancel(Unknown Source)
	at java.util.stream.AbstractPipeline.copyInto(Unknown Source)
	at java.util.stream.AbstractPipeline.wrapAndCopyInto(Unknown Source)
	at java.util.stream.FindOps$FindOp.evaluateSequential(Unknown Source)
	at java.util.stream.AbstractPipeline.evaluate(Unknown Source)
	at java.util.stream.ReferencePipeline.findFirst(Unknown Source)
	at org.openqa.selenium.remote.ProtocolHandshake.createSession(ProtocolHandshake.java:128)
	at org.openqa.selenium.remote.ProtocolHandshake.createSession(ProtocolHandshake.java:74)
	at org.openqa.selenium.remote.HttpCommandExecutor.execute(HttpCommandExecutor.java:136)
	at org.openqa.selenium.remote.service.DriverCommandExecutor.execute(DriverCommandExecutor.java:83)
	at org.openqa.selenium.remote.RemoteWebDriver.execute(RemoteWebDriver.java:552)
	at org.openqa.selenium.remote.RemoteWebDriver.startSession(RemoteWebDriver.java:213)
	at org.openqa.selenium.remote.RemoteWebDriver.<init>(RemoteWebDriver.java:131)
	at org.openqa.selenium.chrome.ChromeDriver.<init>(ChromeDriver.java:181)
	at org.openqa.selenium.chrome.ChromeDriver.<init>(ChromeDriver.java:168)
	at org.openqa.selenium.chrome.ChromeDriver.<init>(ChromeDriver.java:123)
	at abcd.Verify.f2(Verify.java:19)
	at sun.reflect.NativeMethodAccessorImpl.invoke0(Native Method)
	at sun.reflect.NativeMethodAccessorImpl.invoke(Unknown Source)
	at sun.reflect.DelegatingMethodAccessorImpl.invoke(Unknown Source)
	at java.lang.reflect.Method.invoke(Unknown Source)
	at org.testng.internal.MethodInvocationHelper.invokeMethod(MethodInvocationHelper.java:86)
	at org.testng.internal.Invoker.invokeMethod(Invoker.java:645)
	at org.testng.internal.Invoker.invokeTestMethod(Invoker.java:822)
	at org.testng.internal.Invoker.invokeTestMethods(Invoker.java:1130)
	at org.testng.internal.TestMethodWorker.invokeTestMethods(TestMethodWorker.java:129)
	at org.testng.internal.TestMethodWorker.run(TestMethodWorker.java:112)
	at org.testng.TestRunner.privateRun(TestRunner.java:782)
	at org.testng.TestRunner.run(TestRunner.java:632)
	at org.testng.SuiteRunner.runTest(SuiteRunner.java:366)
	at org.testng.SuiteRunner.runSequentially(SuiteRunner.java:361)
	at org.testng.SuiteRunner.privateRun(SuiteRunner.java:319)
	at org.testng.SuiteRunner.run(SuiteRunner.java:268)
	at org.testng.SuiteRunnerWorker.runSuite(SuiteRunnerWorker.java:52)
	at org.testng.SuiteRunnerWorker.run(SuiteRunnerWorker.java:86)
	at org.testng.TestNG.runSuitesSequentially(TestNG.java:1244)
	at org.testng.TestNG.runSuitesLocally(TestNG.java:1169)
	at org.testng.TestNG.run(TestNG.java:1064)
	at org.testng.remote.RemoteTestNG.run(RemoteTestNG.java:113)
	at org.testng.remote.RemoteTestNG.initAndRun(RemoteTestNG.java:206)
	at org.testng.remote.RemoteTestNG.main(RemoteTestNG.java:177)
]]>
    </error>
  </testcase> <!-- f2 -->
</testsuite> <!-- abcd.Verify -->
